<?xml version="1.0" encoding="UTF-8"?>
<TestRun id="4015278c-d5c5-4d83-b466-d6ae6ac6ef21" name="MisterJordan@MISTERJORDAN-HP 2015-02-23 16:47:35" runUser="MisterJordan-HP\MisterJordan" xmlns="http://microsoft.com/schemas/VisualStudio/TeamTest/2010">
  <TestSettings name="Local" id="c230cfe4-546b-41a8-92e0-5de5def8041b">
    <Description>These are default test settings for a local test run.</Description>
    <Deployment enabled="false" runDeploymentRoot="MisterJordan_MISTERJORDAN-HP 2015-02-23 16_47_35">
      <DeploymentItem filename="C:\Users\MisterJordan\Desktop\University\CET203 - Software Development\C# Projects\Assignment 2 - Letoh\Letoh v4.0\Letoh HMS\bin\Debug\Letoh HMS.exe" />
    </Deployment>
    <Execution>
      <TestTypeSpecific />
      <AgentRule name="Execution Agents">
      </AgentRule>
    </Execution>
  </TestSettings>
  <Times creation="2015-02-23T16:47:35.6161838+00:00" queuing="2015-02-23T16:47:35.8901995+00:00" start="2015-02-23T16:47:35.9402024+00:00" finish="2015-02-23T16:47:42.0375511+00:00" />
  <ResultSummary outcome="Completed">
    <Counters total="3" executed="3" passed="3" error="0" failed="0" timeout="0" aborted="0" inconclusive="0" passedButRunAborted="0" notRunnable="0" notExecuted="0" disconnected="0" warning="0" completed="0" inProgress="0" pending="0" />
  </ResultSummary>
  <TestDefinitions>
    <UnitTest name="LoadLetohDataSuccessful" storage="c:\users\misterjordan\desktop\university\cet203 - software development\c# projects\assignment 2 - letoh\letoh v4.0\letohhmstests\bin\debug\letohhmstests.dll" id="51af9e9f-5add-3bb1-5ee7-ba18e46ec9ff">
      <Execution id="17573711-b179-4681-ad81-a9fd064cdfa1" />
      <TestMethod codeBase="C:/Users/MisterJordan/Desktop/University/CET203 - Software Development/C# Projects/Assignment 2 - Letoh/Letoh v4.0/LetohHMSTests/bin/Debug/LetohHMSTests.DLL" adapterTypeName="Microsoft.VisualStudio.TestTools.TestTypes.Unit.UnitTestAdapter, Microsoft.VisualStudio.QualityTools.Tips.UnitTest.Adapter, Version=10.0.0.0, Culture=neutral, PublicKeyToken=b03f5f7f11d50a3a" className="LetohHMSTests.FormBasedUITest, LetohHMSTests, Version=1.0.0.0, Culture=neutral, PublicKeyToken=null" name="LoadLetohDataSuccessful" />
    </UnitTest>
    <UnitTest name="TestMethod1" storage="c:\users\misterjordan\desktop\university\cet203 - software development\c# projects\assignment 2 - letoh\letoh v4.0\letohhmstests\bin\debug\letohhmstests.dll" id="c64afb9c-757f-0d94-32c2-d8583c48286b">
      <Execution id="45502b23-e504-4c0f-acb9-80688328cfac" />
      <TestMethod codeBase="C:/Users/MisterJordan/Desktop/University/CET203 - Software Development/C# Projects/Assignment 2 - Letoh/Letoh v4.0/LetohHMSTests/bin/Debug/LetohHMSTests.DLL" adapterTypeName="Microsoft.VisualStudio.TestTools.TestTypes.Unit.UnitTestAdapter, Microsoft.VisualStudio.QualityTools.Tips.UnitTest.Adapter, Version=10.0.0.0, Culture=neutral, PublicKeyToken=b03f5f7f11d50a3a" className="LetohHMSTests.ReadFileTest, LetohHMSTests, Version=1.0.0.0, Culture=neutral, PublicKeyToken=null" name="TestMethod1" />
    </UnitTest>
    <UnitTest name="LoadLetohDataTestUnsuccessful" storage="c:\users\misterjordan\desktop\university\cet203 - software development\c# projects\assignment 2 - letoh\letoh v4.0\letohhmstests\bin\debug\letohhmstests.dll" id="99d1a266-644f-ef8c-1a36-a290caa2c01a">
      <Execution id="ea532bbd-663b-4261-92dc-abc38ed2d80d" />
      <TestMethod codeBase="C:/Users/MisterJordan/Desktop/University/CET203 - Software Development/C# Projects/Assignment 2 - Letoh/Letoh v4.0/LetohHMSTests/bin/Debug/LetohHMSTests.DLL" adapterTypeName="Microsoft.VisualStudio.TestTools.TestTypes.Unit.UnitTestAdapter, Microsoft.VisualStudio.QualityTools.Tips.UnitTest.Adapter, Version=10.0.0.0, Culture=neutral, PublicKeyToken=b03f5f7f11d50a3a" className="LetohHMSTests.FormBasedUITest, LetohHMSTests, Version=1.0.0.0, Culture=neutral, PublicKeyToken=null" name="LoadLetohDataTestUnsuccessful" />
    </UnitTest>
  </TestDefinitions>
  <TestLists>
    <TestList name="Results Not in a List" id="8c84fa94-04c1-424b-9868-57a2d4851a1d" />
    <TestList name="All Loaded Results" id="19431567-8539-422a-85d7-44ee4e166bda" />
  </TestLists>
  <TestEntries>
    <TestEntry testId="51af9e9f-5add-3bb1-5ee7-ba18e46ec9ff" executionId="17573711-b179-4681-ad81-a9fd064cdfa1" testListId="8c84fa94-04c1-424b-9868-57a2d4851a1d" />
    <TestEntry testId="99d1a266-644f-ef8c-1a36-a290caa2c01a" executionId="ea532bbd-663b-4261-92dc-abc38ed2d80d" testListId="8c84fa94-04c1-424b-9868-57a2d4851a1d" />
    <TestEntry testId="c64afb9c-757f-0d94-32c2-d8583c48286b" executionId="45502b23-e504-4c0f-acb9-80688328cfac" testListId="8c84fa94-04c1-424b-9868-57a2d4851a1d" />
  </TestEntries>
  <Results>
    <UnitTestResult executionId="17573711-b179-4681-ad81-a9fd064cdfa1" testId="51af9e9f-5add-3bb1-5ee7-ba18e46ec9ff" testName="LoadLetohDataSuccessful" computerName="MISTERJORDAN-HP" duration="00:00:02.9140260" startTime="2015-02-23T16:47:35.9512030+00:00" endTime="2015-02-23T16:47:39.1103837+00:00" testType="13cdc9d9-ddb5-4fa4-a97d-d965ccfc6d4b" outcome="Passed" testListId="8c84fa94-04c1-424b-9868-57a2d4851a1d" relativeResultsDirectory="17573711-b179-4681-ad81-a9fd064cdfa1">
    </UnitTestResult>
    <UnitTestResult executionId="ea532bbd-663b-4261-92dc-abc38ed2d80d" testId="99d1a266-644f-ef8c-1a36-a290caa2c01a" testName="LoadLetohDataTestUnsuccessful" computerName="MISTERJORDAN-HP" duration="00:00:02.8495171" startTime="2015-02-23T16:47:39.1113837+00:00" endTime="2015-02-23T16:47:41.9655470+00:00" testType="13cdc9d9-ddb5-4fa4-a97d-d965ccfc6d4b" outcome="Passed" testListId="8c84fa94-04c1-424b-9868-57a2d4851a1d" relativeResultsDirectory="ea532bbd-663b-4261-92dc-abc38ed2d80d">
    </UnitTestResult>
    <UnitTestResult executionId="45502b23-e504-4c0f-acb9-80688328cfac" testId="c64afb9c-757f-0d94-32c2-d8583c48286b" testName="TestMethod1" computerName="MISTERJORDAN-HP" duration="00:00:00.0005793" startTime="2015-02-23T16:47:41.9675471+00:00" endTime="2015-02-23T16:47:41.9755476+00:00" testType="13cdc9d9-ddb5-4fa4-a97d-d965ccfc6d4b" outcome="Passed" testListId="8c84fa94-04c1-424b-9868-57a2d4851a1d" relativeResultsDirectory="45502b23-e504-4c0f-acb9-80688328cfac">
    </UnitTestResult>
  </Results>
</TestRun>