<?xml version="1.0" encoding="UTF-8"?>
<TestRun id="8c52c467-93c4-4da3-9ebb-500a09766720" name="MisterJordan@MISTERJORDAN-HP 2015-02-23 16:32:59" runUser="MisterJordan-HP\MisterJordan" xmlns="http://microsoft.com/schemas/VisualStudio/TeamTest/2010">
  <TestSettings name="Local" id="c230cfe4-546b-41a8-92e0-5de5def8041b">
    <Description>These are default test settings for a local test run.</Description>
    <Deployment enabled="false" runDeploymentRoot="MisterJordan_MISTERJORDAN-HP 2015-02-23 16_32_59" />
    <Execution>
      <TestTypeSpecific />
      <AgentRule name="Execution Agents">
      </AgentRule>
    </Execution>
  </TestSettings>
  <Times creation="2015-02-23T16:32:59.7950897+00:00" queuing="2015-02-23T16:33:00.3051189+00:00" start="2015-02-23T16:33:00.3551218+00:00" finish="2015-02-23T16:33:00.6431382+00:00" />
  <ResultSummary outcome="Completed">
    <Counters total="1" executed="1" passed="1" error="0" failed="0" timeout="0" aborted="0" inconclusive="0" passedButRunAborted="0" notRunnable="0" notExecuted="0" disconnected="0" warning="0" completed="0" inProgress="0" pending="0" />
  </ResultSummary>
  <TestDefinitions>
    <UnitTest name="TestMethod1" storage="c:\users\misterjordan\desktop\university\cet203 - software development\c# projects\assignment 2 - letoh\letoh v4.0\letohhmstests\bin\debug\letohhmstests.dll" id="c64afb9c-757f-0d94-32c2-d8583c48286b">
      <Execution id="bddeef8e-f502-4568-971a-a7ec4520713f" />
      <TestMethod codeBase="C:/Users/MisterJordan/Desktop/University/CET203 - Software Development/C# Projects/Assignment 2 - Letoh/Letoh v4.0/LetohHMSTests/bin/Debug/LetohHMSTests.DLL" adapterTypeName="Microsoft.VisualStudio.TestTools.TestTypes.Unit.UnitTestAdapter, Microsoft.VisualStudio.QualityTools.Tips.UnitTest.Adapter, Version=10.0.0.0, Culture=neutral, PublicKeyToken=b03f5f7f11d50a3a" className="LetohHMSTests.ReadFileTest, LetohHMSTests, Version=1.0.0.0, Culture=neutral, PublicKeyToken=null" name="TestMethod1" />
    </UnitTest>
  </TestDefinitions>
  <TestLists>
    <TestList name="Results Not in a List" id="8c84fa94-04c1-424b-9868-57a2d4851a1d" />
    <TestList name="All Loaded Results" id="19431567-8539-422a-85d7-44ee4e166bda" />
  </TestLists>
  <TestEntries>
    <TestEntry testId="c64afb9c-757f-0d94-32c2-d8583c48286b" executionId="bddeef8e-f502-4568-971a-a7ec4520713f" testListId="8c84fa94-04c1-424b-9868-57a2d4851a1d" />
  </TestEntries>
  <Results>
    <UnitTestResult executionId="bddeef8e-f502-4568-971a-a7ec4520713f" testId="c64afb9c-757f-0d94-32c2-d8583c48286b" testName="TestMethod1" computerName="MISTERJORDAN-HP" duration="00:00:00.0124656" startTime="2015-02-23T16:33:00.3651223+00:00" endTime="2015-02-23T16:33:00.6161367+00:00" testType="13cdc9d9-ddb5-4fa4-a97d-d965ccfc6d4b" outcome="Passed" testListId="8c84fa94-04c1-424b-9868-57a2d4851a1d" relativeResultsDirectory="bddeef8e-f502-4568-971a-a7ec4520713f">
    </UnitTestResult>
  </Results>
</TestRun>