<?xml version="1.0" encoding="UTF-8"?>
<TestRun id="8932a708-ad25-4a54-b901-716d32ed692f" name="MisterJordan@MISTERJORDAN-HP 2015-02-23 16:42:55" runUser="MisterJordan-HP\MisterJordan" xmlns="http://microsoft.com/schemas/VisualStudio/TeamTest/2010">
  <TestSettings name="Local" id="c230cfe4-546b-41a8-92e0-5de5def8041b">
    <Description>These are default test settings for a local test run.</Description>
    <Deployment enabled="false" runDeploymentRoot="MisterJordan_MISTERJORDAN-HP 2015-02-23 16_42_55">
      <DeploymentItem filename="C:\Users\MisterJordan\Desktop\University\CET203 - Software Development\C# Projects\Assignment 2 - Letoh\Letoh v4.0\Letoh HMS\bin\Debug\Letoh HMS.exe" />
    </Deployment>
    <Execution>
      <TestTypeSpecific />
      <AgentRule name="Execution Agents">
      </AgentRule>
    </Execution>
  </TestSettings>
  <Times creation="2015-02-23T16:42:55.3881557+00:00" queuing="2015-02-23T16:42:55.4441589+00:00" start="2015-02-23T16:42:55.4491592+00:00" finish="2015-02-23T16:42:58.5643374+00:00" />
  <ResultSummary outcome="Completed">
    <Counters total="1" executed="1" passed="1" error="0" failed="0" timeout="0" aborted="0" inconclusive="0" passedButRunAborted="0" notRunnable="0" notExecuted="0" disconnected="0" warning="0" completed="0" inProgress="0" pending="0" />
  </ResultSummary>
  <TestDefinitions>
    <UnitTest name="LoadLetohDataSuccessful" storage="c:\users\misterjordan\desktop\university\cet203 - software development\c# projects\assignment 2 - letoh\letoh v4.0\letohhmstests\bin\debug\letohhmstests.dll" id="51af9e9f-5add-3bb1-5ee7-ba18e46ec9ff">
      <Execution id="bd751435-fd77-450c-aa68-fe3aeeeb52cf" />
      <TestMethod codeBase="C:/Users/MisterJordan/Desktop/University/CET203 - Software Development/C# Projects/Assignment 2 - Letoh/Letoh v4.0/LetohHMSTests/bin/Debug/LetohHMSTests.DLL" adapterTypeName="Microsoft.VisualStudio.TestTools.TestTypes.Unit.UnitTestAdapter, Microsoft.VisualStudio.QualityTools.Tips.UnitTest.Adapter, Version=10.0.0.0, Culture=neutral, PublicKeyToken=b03f5f7f11d50a3a" className="LetohHMSTests.FormBasedUITest, LetohHMSTests, Version=1.0.0.0, Culture=neutral, PublicKeyToken=null" name="LoadLetohDataSuccessful" />
    </UnitTest>
  </TestDefinitions>
  <TestLists>
    <TestList name="Results Not in a List" id="8c84fa94-04c1-424b-9868-57a2d4851a1d" />
    <TestList name="All Loaded Results" id="19431567-8539-422a-85d7-44ee4e166bda" />
  </TestLists>
  <TestEntries>
    <TestEntry testId="51af9e9f-5add-3bb1-5ee7-ba18e46ec9ff" executionId="bd751435-fd77-450c-aa68-fe3aeeeb52cf" testListId="8c84fa94-04c1-424b-9868-57a2d4851a1d" />
  </TestEntries>
  <Results>
    <UnitTestResult executionId="bd751435-fd77-450c-aa68-fe3aeeeb52cf" testId="51af9e9f-5add-3bb1-5ee7-ba18e46ec9ff" testName="LoadLetohDataSuccessful" computerName="MISTERJORDAN-HP" duration="00:00:02.8924865" startTime="2015-02-23T16:42:55.4511593+00:00" endTime="2015-02-23T16:42:58.5483365+00:00" testType="13cdc9d9-ddb5-4fa4-a97d-d965ccfc6d4b" outcome="Passed" testListId="8c84fa94-04c1-424b-9868-57a2d4851a1d" relativeResultsDirectory="bd751435-fd77-450c-aa68-fe3aeeeb52cf">
    </UnitTestResult>
  </Results>
</TestRun>