<?xml version="1.0" encoding="UTF-8"?>
<TestRun id="ad54cf20-b51c-40f7-967a-e4d5d02e77c4" name="MisterJordan@MISTERJORDAN-HP 2015-02-23 16:38:54" runUser="MisterJordan-HP\MisterJordan" xmlns="http://microsoft.com/schemas/VisualStudio/TeamTest/2010">
  <TestSettings name="Local" id="c230cfe4-546b-41a8-92e0-5de5def8041b">
    <Description>These are default test settings for a local test run.</Description>
    <Deployment userDeploymentRoot="C:\Users\MisterJordan\Desktop\University\CET203 - Software Development\C# Projects\Assignment 2 - Letoh\Letoh v4.0\TestResults" useDefaultDeploymentRoot="false" enabled="false" runDeploymentRoot="MisterJordan_MISTERJORDAN-HP 2015-02-23 16_38_54">
      <DeploymentItem filename="C:\Users\MisterJordan\Desktop\University\CET203 - Software Development\C# Projects\Assignment 2 - Letoh\Letoh v4.0\Letoh HMS\bin\Debug\Letoh HMS.exe" />
    </Deployment>
    <Execution>
      <TestTypeSpecific />
      <AgentRule name="Execution Agents">
      </AgentRule>
    </Execution>
  </TestSettings>
  <Times creation="2015-02-23T16:38:54.1993605+00:00" queuing="2015-02-23T16:38:55.3614270+00:00" start="2015-02-23T16:38:55.4304309+00:00" finish="2015-02-23T16:39:18.5107510+00:00" />
  <ResultSummary outcome="Error">
    <Counters total="1" executed="1" error="0" failed="0" timeout="0" aborted="1" inconclusive="0" passedButRunAborted="0" notRunnable="0" notExecuted="0" disconnected="0" warning="0" passed="0" completed="0" inProgress="0" pending="0" />
    <RunInfos>
      <RunInfo computerName="MISTERJORDAN-HP" outcome="Warning" timestamp="2015-02-23T16:38:54.2403628+00:00">
        <Text>Deployment is currently disabled. The deployment item 'Letoh HMS.exe' on test 'LetohHMSTests.FormBasedUITest.LoadLetohDataTest' was not deployed.</Text>
      </RunInfo>
      <RunInfo computerName="MISTERJORDAN-HP" outcome="Error" timestamp="2015-02-23T16:39:18.5097510+00:00">
        <Text>Test host process exited unexpectedly.</Text>
      </RunInfo>
    </RunInfos>
  </ResultSummary>
  <TestDefinitions>
    <UnitTest name="LoadLetohDataTest" storage="c:\users\misterjordan\desktop\university\cet203 - software development\c# projects\assignment 2 - letoh\letoh v4.0\letohhmstests\bin\debug\letohhmstests.dll" id="2b898e01-908d-ed09-6073-408f58a59635">
      <DeploymentItems>
        <DeploymentItem filename="Letoh HMS.exe" />
      </DeploymentItems>
      <Execution id="b55e460b-b7ff-4bf3-90cd-bc1e249d31a9" />
      <TestMethod codeBase="C:/Users/MisterJordan/Desktop/University/CET203 - Software Development/C# Projects/Assignment 2 - Letoh/Letoh v4.0/LetohHMSTests/bin/Debug/LetohHMSTests.DLL" adapterTypeName="Microsoft.VisualStudio.TestTools.TestTypes.Unit.UnitTestAdapter, Microsoft.VisualStudio.QualityTools.Tips.UnitTest.Adapter, Version=10.0.0.0, Culture=neutral, PublicKeyToken=b03f5f7f11d50a3a" className="LetohHMSTests.FormBasedUITest, LetohHMSTests, Version=1.0.0.0, Culture=neutral, PublicKeyToken=null" name="LoadLetohDataTest" />
    </UnitTest>
  </TestDefinitions>
  <TestLists>
    <TestList name="Results Not in a List" id="8c84fa94-04c1-424b-9868-57a2d4851a1d" />
    <TestList name="All Loaded Results" id="19431567-8539-422a-85d7-44ee4e166bda" />
  </TestLists>
  <TestEntries>
    <TestEntry testId="2b898e01-908d-ed09-6073-408f58a59635" executionId="b55e460b-b7ff-4bf3-90cd-bc1e249d31a9" testListId="8c84fa94-04c1-424b-9868-57a2d4851a1d" />
  </TestEntries>
  <Results>
    <UnitTestResult executionId="b55e460b-b7ff-4bf3-90cd-bc1e249d31a9" testId="2b898e01-908d-ed09-6073-408f58a59635" testName="LoadLetohDataTest" computerName="MISTERJORDAN-HP" duration="00:00:23.0393177" startTime="2015-02-23T16:38:55.4714333+00:00" endTime="2015-02-23T16:39:18.5107510+00:00" testType="13cdc9d9-ddb5-4fa4-a97d-d965ccfc6d4b" outcome="Aborted" testListId="8c84fa94-04c1-424b-9868-57a2d4851a1d" relativeResultsDirectory="b55e460b-b7ff-4bf3-90cd-bc1e249d31a9">
    </UnitTestResult>
  </Results>
</TestRun>